<?xml version="1.0" encoding="UTF-8"?>
<!-- Generated by org.testng.reporters.JUnitReportReporter -->
<testsuite hostname="DESKTOP-NN4KHLL" failures="0" tests="1" name="tests.TestAddReviewOnProduct" time="8.421" errors="0" timestamp="2025-09-21T14:39:08 EEST" skipped="0">
  <testcase classname="tests.TestAddReviewOnProduct" name="testAddReviewOnProduct" time="8.421"/>
</testsuite> <!-- tests.TestAddReviewOnProduct -->
