<?xml version="1.0" encoding="UTF-8"?>
<!-- Generated by org.testng.reporters.JUnitReportReporter -->
<testsuite hostname="DESKTOP-NN4KHLL" failures="0" tests="1" name="tests.VerifyAllProductsTest" time="4.176" errors="0" timestamp="2025-09-21T14:26:26 EEST" skipped="0">
  <testcase classname="tests.VerifyAllProductsTest" name="testVerifyAllProductsPage" time="4.176"/>
</testsuite> <!-- tests.VerifyAllProductsTest -->
