<?xml version="1.0" encoding="UTF-8"?>
<!-- Generated by org.testng.reporters.JUnitReportReporter -->
<testsuite hostname="DESKTOP-NN4KHLL" failures="0" tests="1" name="tests.SignupTest" time="17.540" errors="0" timestamp="2025-09-17T11:52:07 EEST" skipped="0">
  <testcase classname="tests.SignupTest" name="testUserSignup" time="17.540"/>
</testsuite> <!-- tests.SignupTest -->
