<?xml version="1.0" encoding="UTF-8"?>
<!-- Generated by org.testng.reporters.JUnitReportReporter -->
<testsuite hostname="DESKTOP-NN4KHLL" failures="0" tests="1" name="tests.TestCase24" time="30.019" errors="0" timestamp="2025-09-22T13:23:44 EEST" skipped="0">
  <testcase classname="tests.TestCase24" name="downloadInvoiceAfterPurchase" time="30.019"/>
</testsuite> <!-- tests.TestCase24 -->
