<?xml version="1.0" encoding="UTF-8"?>
<!-- Generated by org.testng.reporters.JUnitReportReporter -->
<testsuite hostname="DESKTOP-NN4KHLL" failures="0" tests="1" name="tests.TestPlaceOrderLoginBeforeCheckout" time="41.720" errors="0" timestamp="2025-09-21T12:49:18 EEST" skipped="0">
  <testcase classname="tests.TestPlaceOrderLoginBeforeCheckout" name="testPlaceOrderLoginBeforeCheckout" time="41.720"/>
</testsuite> <!-- tests.TestPlaceOrderLoginBeforeCheckout -->
