<?xml version="1.0" encoding="UTF-8"?>
<!-- Generated by org.testng.reporters.JUnitReportReporter -->
<testsuite hostname="DESKTOP-NN4KHLL" failures="0" tests="1" name="tests.AddProductsInCartTest" time="15.520" errors="0" timestamp="2025-09-20T20:56:10 EEST" skipped="0">
  <testcase classname="tests.AddProductsInCartTest" name="testAddProductsInCart" time="15.520"/>
</testsuite> <!-- tests.AddProductsInCartTest -->
