<?xml version="1.0" encoding="UTF-8"?>
<!-- Generated by org.testng.reporters.JUnitReportReporter -->
<testsuite hostname="DESKTOP-NN4KHLL" failures="0" tests="1" name="tests.VerifyAllProductsTest" time="4.273" errors="0" timestamp="2025-09-20T20:11:01 EEST" skipped="0">
  <testcase classname="tests.VerifyAllProductsTest" name="testVerifyAllProductsPage" time="4.273"/>
</testsuite> <!-- tests.VerifyAllProductsTest -->
