<?xml version="1.0" encoding="UTF-8"?>
<!-- Generated by org.testng.reporters.JUnitReportReporter -->
<testsuite hostname="DESKTOP-NN4KHLL" failures="0" tests="2" name="tests.SignupPageTest" time="17.027" errors="0" timestamp="2025-09-15T13:43:52 EEST" skipped="0">
  <testcase classname="tests.SignupPageTest" name="testFillAccountInformation" time="9.530"/>
  <testcase classname="tests.SignupPageTest" name="testSignupFormOpens" time="7.497"/>
</testsuite> <!-- tests.SignupPageTest -->
