<?xml version="1.0" encoding="UTF-8"?>
<!-- Generated by org.testng.reporters.JUnitReportReporter -->
<testsuite hostname="DESKTOP-NN4KHLL" failures="0" tests="1" name="tests.HomePageTest" time="0.027" errors="0" timestamp="2025-09-15T13:43:52 EEST" skipped="0">
  <testcase classname="tests.HomePageTest" name="testHomePageVisible" time="0.027"/>
</testsuite> <!-- tests.HomePageTest -->
