<?xml version="1.0" encoding="UTF-8"?>
<!-- Generated by org.testng.reporters.JUnitReportReporter -->
<testsuite hostname="DESKTOP-NN4KHLL" failures="0" tests="1" name="tests.TestViewBrandProducts" time="8.688" errors="0" timestamp="2025-09-21T14:18:32 EEST" skipped="0">
  <testcase classname="tests.TestViewBrandProducts" name="testViewBrandProducts" time="8.688"/>
</testsuite> <!-- tests.TestViewBrandProducts -->
