<?xml version="1.0" encoding="UTF-8"?>
<!-- Generated by org.testng.reporters.JUnitReportReporter -->
<testsuite hostname="DESKTOP-NN4KHLL" failures="0" tests="1" name="tests.PlaceOrderRegisterWhileCheckoutTest" time="27.515" errors="0" timestamp="2025-09-20T22:03:02 EEST" skipped="0">
  <testcase classname="tests.PlaceOrderRegisterWhileCheckoutTest" name="testPlaceOrderRegisterWhileCheckout" time="27.515"/>
</testsuite> <!-- tests.PlaceOrderRegisterWhileCheckoutTest -->
