<?xml version="1.0" encoding="UTF-8"?>
<!-- Generated by org.testng.reporters.JUnitReportReporter -->
<testsuite hostname="DESKTOP-NN4KHLL" failures="0" tests="1" name="tests.VerifyProductQuantityInCartTest" time="12.215" errors="0" timestamp="2025-09-20T20:29:35 EEST" skipped="0">
  <testcase classname="tests.VerifyProductQuantityInCartTest" name="testProductQuantityInCart" time="12.215"/>
</testsuite> <!-- tests.VerifyProductQuantityInCartTest -->
