<?xml version="1.0" encoding="UTF-8"?>
<!-- Generated by org.testng.reporters.JUnitReportReporter -->
<testsuite hostname="DESKTOP-NN4KHLL" failures="0" tests="1" name="tests.VerifySubscriptionTest" time="4.611" errors="0" timestamp="2025-09-18T12:56:39 EEST" skipped="0">
  <testcase classname="tests.VerifySubscriptionTest" name="testVerifySubscriptionInHomePage" time="4.611"/>
</testsuite> <!-- tests.VerifySubscriptionTest -->
