<?xml version="1.0" encoding="UTF-8"?>
<!-- Generated by org.testng.reporters.JUnitReportReporter -->
<testsuite hostname="DESKTOP-NN4KHLL" failures="0" tests="1" name="tests.RegisterExistingUserTest" time="2.869" errors="0" timestamp="2025-09-17T11:57:10 EEST" skipped="0">
  <testcase classname="tests.RegisterExistingUserTest" name="testRegisterWithExistingEmail" time="2.869"/>
</testsuite> <!-- tests.RegisterExistingUserTest -->
