<?xml version="1.0" encoding="UTF-8"?>
<!-- Generated by org.testng.reporters.JUnitReportReporter -->
<testsuite hostname="DESKTOP-NN4KHLL" failures="0" tests="1" name="tests.TestAddRecommendedItemsToCart" time="7.925" errors="0" timestamp="2025-09-21T15:21:09 EEST" skipped="0">
  <testcase classname="tests.TestAddRecommendedItemsToCart" name="testAddRecommendedItemToCart" time="7.925"/>
</testsuite> <!-- tests.TestAddRecommendedItemsToCart -->
