<?xml version="1.0" encoding="UTF-8"?>
<!-- Generated by org.testng.reporters.JUnitReportReporter -->
<testsuite hostname="DESKTOP-NN4KHLL" failures="0" tests="1" name="tests.VerifyAllProductsTest" time="2.880" errors="0" timestamp="2025-09-17T12:47:01 EEST" skipped="0">
  <testcase classname="tests.VerifyAllProductsTest" name="testVerifyAllProductsPage" time="2.880"/>
</testsuite> <!-- tests.VerifyAllProductsTest -->
