<?xml version="1.0" encoding="UTF-8"?>
<!-- Generated by org.testng.reporters.JUnitReportReporter -->
<testsuite hostname="DESKTOP-NN4KHLL" failures="0" tests="1" name="tests.TestPlaceOrderRegisterBeforeCheckout" time="27.161" errors="0" timestamp="2025-09-21T12:36:06 EEST" skipped="0">
  <testcase classname="tests.TestPlaceOrderRegisterBeforeCheckout" name="testPlaceOrderRegisterBeforeCheckout" time="27.161"/>
</testsuite> <!-- tests.TestPlaceOrderRegisterBeforeCheckout -->
