<?xml version="1.0" encoding="UTF-8"?>
<!-- Generated by org.testng.reporters.JUnitReportReporter -->
<testsuite hostname="DESKTOP-NN4KHLL" failures="0" tests="1" name="tests.RegisterUserTest" time="12.146" errors="0" timestamp="2025-09-15T12:35:36 EEST" skipped="0">
  <testcase classname="tests.RegisterUserTest" name="testRegisterUser_UptoStep8" time="12.146"/>
</testsuite> <!-- tests.RegisterUserTest -->
