<?xml version="1.0" encoding="UTF-8"?>
<!-- Generated by org.testng.reporters.JUnitReportReporter -->
<testsuite hostname="DESKTOP-NN4KHLL" failures="0" tests="1" name="tests.TestCase23" time="23.589" errors="0" timestamp="2025-09-22T13:13:29 EEST" skipped="0">
  <testcase classname="tests.TestCase23" name="verifyAddressDetailsInCheckout" time="23.589"/>
</testsuite> <!-- tests.TestCase23 -->
