<?xml version="1.0" encoding="UTF-8"?>
<!-- Generated by org.testng.reporters.JUnitReportReporter -->
<testsuite hostname="DESKTOP-NN4KHLL" failures="0" tests="1" name="tests.TestRemoveProductsFromCart" time="13.507" errors="0" timestamp="2025-09-21T13:01:07 EEST" skipped="0">
  <testcase classname="tests.TestRemoveProductsFromCart" name="testRemoveProductFromCart" time="13.507"/>
</testsuite> <!-- tests.TestRemoveProductsFromCart -->
