<?xml version="1.0" encoding="UTF-8"?>
<!-- Generated by org.testng.reporters.JUnitReportReporter -->
<testsuite hostname="DESKTOP-NN4KHLL" failures="0" tests="1" name="tests.ContactUsTest" time="4.593" errors="0" timestamp="2025-09-17T12:09:02 EEST" skipped="0">
  <testcase classname="tests.ContactUsTest" name="testContactUsForm" time="4.593"/>
</testsuite> <!-- tests.ContactUsTest -->
