<?xml version="1.0" encoding="UTF-8"?>
<!-- Generated by org.testng.reporters.JUnitReportReporter -->
<testsuite hostname="DESKTOP-NN4KHLL" failures="0" tests="1" name="tests.InvalidLoginTest" time="6.113" errors="0" timestamp="2025-09-16T20:13:33 EEST" skipped="0">
  <testcase classname="tests.InvalidLoginTest" name="testInvalidLogin" time="6.113"/>
</testsuite> <!-- tests.InvalidLoginTest -->
