<?xml version="1.0" encoding="UTF-8"?>
<!-- Generated by org.testng.reporters.JUnitReportReporter -->
<testsuite hostname="DESKTOP-NN4KHLL" failures="0" tests="1" name="tests.VerifyTestCasesPageTest" time="1.658" errors="0" timestamp="2025-09-17T12:30:20 EEST" skipped="0">
  <testcase classname="tests.VerifyTestCasesPageTest" name="testVerifyTestCasesPage" time="1.658"/>
</testsuite> <!-- tests.VerifyTestCasesPageTest -->
