<?xml version="1.0" encoding="UTF-8"?>
<!-- Generated by org.testng.reporters.JUnitReportReporter -->
<testsuite hostname="DESKTOP-NN4KHLL" failures="0" tests="1" name="tests.LoginTest" time="9.965" errors="0" timestamp="2025-09-16T20:50:33 EEST" skipped="0">
  <testcase classname="tests.LoginTest" name="testLoginFlow" time="9.965"/>
</testsuite> <!-- tests.LoginTest -->
