<?xml version="1.0" encoding="UTF-8"?>
<!-- Generated by org.testng.reporters.JUnitReportReporter -->
<testsuite hostname="DESKTOP-NN4KHLL" failures="0" tests="1" name="tests.TestViewCategoryProducts" time="6.449" errors="0" timestamp="2025-09-21T14:05:01 EEST" skipped="0">
  <testcase classname="tests.TestViewCategoryProducts" name="testViewCategoryProducts" time="6.449"/>
</testsuite> <!-- tests.TestViewCategoryProducts -->
