<?xml version="1.0" encoding="UTF-8"?>
<!-- Generated by org.testng.reporters.JUnitReportReporter -->
<testsuite hostname="DESKTOP-NN4KHLL" failures="0" tests="1" name="tests.VerifySubscriptionInCartPageTest" time="11.207" errors="0" timestamp="2025-09-20T19:49:16 EEST" skipped="0">
  <testcase classname="tests.VerifySubscriptionInCartPageTest" name="testVerifySubscriptionInCartPage" time="11.207"/>
</testsuite> <!-- tests.VerifySubscriptionInCartPageTest -->
