<?xml version="1.0" encoding="UTF-8"?>
<!-- Generated by org.testng.reporters.JUnitReportReporter -->
<testsuite hostname="DESKTOP-NN4KHLL" failures="0" tests="1" name="tests.LoginTest" time="13.944" errors="0" timestamp="2025-09-16T20:01:35 EEST" skipped="0">
  <testcase classname="tests.LoginTest" name="testLoginFlow" time="13.944"/>
</testsuite> <!-- tests.LoginTest -->
